<?xml version="1.0" encoding="UTF-8"?>
<!-- Generated by org.testng.reporters.JUnitXMLReporter -->
<testsuite ignored="0" hostname="DESKTOP-J5DG572" failures="0" tests="2" name="All tests" time="60.762" errors="0" timestamp="07 сент. 2020 14:20:00 GMT">
  <testcase classname="com.hardcore.test.GooglePlatformPageTest" name="searchInputNotNullTest" time="0.039"/>
  <testcase classname="com.hardcore.test.GooglePricingCalculatorPageTest" name="fillingOutPriceFormTest" time="29.246"/>
</testsuite> <!-- All tests -->
