<?xml version="1.0" encoding="UTF-8"?>
<!-- Generated by org.testng.reporters.JUnitXMLReporter -->
<testsuite ignored="0" hostname="DESKTOP-J5DG572" failures="1" tests="2" name="Surefire test" time="155.986" errors="0" timestamp="01 сент. 2020 15:01:28 GMT">
  <testcase classname="com.hardcore.test.WebDriverGoogleCloudPlatformPageTest" name="searchInputNotNullTest" time="0.108"/>
  <testcase classname="com.hardcore.test.WebDriverGoogleCloudPlatformPricingCalculatorPageTest" name="fillingOutPriceFormTest" time="102.941">
    <failure type="org.openqa.selenium.TimeoutException" message="Expected condition failed: waiting for visibility of element located by By.xpath: //section[@id=&amp;apos;mail_messages&amp;apos;]//span[text()=&amp;apos;Google Cloud Platform Price Estimate&amp;apos;] (tried for 60 second(s) with 500 milliseconds interval)">
      <![CDATA[org.openqa.selenium.TimeoutException: Expected condition failed: waiting for visibility of element located by By.xpath: //section[@id='mail_messages']//span[text()='Google Cloud Platform Price Estimate'] (tried for 60 second(s) with 500 milliseconds interval)
at org.openqa.selenium.support.ui.WebDriverWait.timeoutException(WebDriverWait.java:95)
at org.openqa.selenium.support.ui.FluentWait.until(FluentWait.java:272)
at com.structure.abstractPageFactory.AbstractPage.waitingForItemToLoad(AbstractPage.java:38)
at com.hardcore.page.TenMinutesMailPage.clickToNewPost(TenMinutesMailPage.java:29)
at com.hardcore.test.WebDriverGoogleCloudPlatformPricingCalculatorPageTest.fillingOutPriceFormTest(WebDriverGoogleCloudPlatformPricingCalculatorPageTest.java:56)
Caused by: org.openqa.selenium.NoSuchWindowException: no such window: target window already closed
from unknown error: web view not found
  (Session info: chrome=84.0.4147.135)
Build info: version: '3.141.59', revision: 'e82be7d358', time: '2018-11-14T08:17:03'
System info: host: 'DESKTOP-J5DG572', ip: '192.168.0.100', os.name: 'Windows 10', os.arch: 'amd64', os.version: '10.0', java.version: '14.0.2'
Driver info: org.openqa.selenium.chrome.ChromeDriver
Capabilities {acceptInsecureCerts: false, browserName: chrome, browserVersion: 84.0.4147.135, chrome: {chromedriverVersion: 84.0.4147.30 (48b3e868b4cc0..., userDataDir: C:\Users\KIRILL~1\AppData\L...}, goog:chromeOptions: {debuggerAddress: localhost:60105}, javascriptEnabled: true, networkConnectionEnabled: false, pageLoadStrategy: normal, platform: WINDOWS, platformName: WINDOWS, proxy: Proxy(), setWindowRect: true, strictFileInteractability: false, timeouts: {implicit: 0, pageLoad: 300000, script: 30000}, unhandledPromptBehavior: dismiss and notify, webauthn:virtualAuthenticators: true}
Session ID: c97e2f06ee41147b8d6727931a21d8b4
*** Element info: {Using=xpath, value=//section[@id='mail_messages']//span[text()='Google Cloud Platform Price Estimate']}
at org.openqa.selenium.remote.http.W3CHttpResponseCodec.createException(W3CHttpResponseCodec.java:187)
at org.openqa.selenium.remote.http.W3CHttpResponseCodec.decode(W3CHttpResponseCodec.java:122)
at org.openqa.selenium.remote.http.W3CHttpResponseCodec.decode(W3CHttpResponseCodec.java:49)
at org.openqa.selenium.remote.HttpCommandExecutor.execute(HttpCommandExecutor.java:158)
at org.openqa.selenium.remote.service.DriverCommandExecutor.execute(DriverCommandExecutor.java:83)
at org.openqa.selenium.remote.RemoteWebDriver.execute(RemoteWebDriver.java:552)
at org.openqa.selenium.remote.RemoteWebDriver.findElement(RemoteWebDriver.java:323)
at org.openqa.selenium.remote.RemoteWebDriver.findElementByXPath(RemoteWebDriver.java:428)
at org.openqa.selenium.By$ByXPath.findElement(By.java:353)
at org.openqa.selenium.remote.RemoteWebDriver.findElement(RemoteWebDriver.java:315)
at org.openqa.selenium.support.ui.ExpectedConditions$7.apply(ExpectedConditions.java:205)
at org.openqa.selenium.support.ui.ExpectedConditions$7.apply(ExpectedConditions.java:201)
at org.openqa.selenium.support.ui.FluentWait.until(FluentWait.java:249)
... 33 more
... Removed 34 stack frames]]>
    </failure>
  </testcase> <!-- fillingOutPriceFormTest -->
</testsuite> <!-- Surefire test -->
