<?xml version="1.0" encoding="UTF-8"?>
<testng-results ignored="0" total="2" passed="2" failed="0" skipped="0">
  <reporter-output>
  </reporter-output>
  <suite started-at="2020-09-01T14:48:19Z" name="Surefire suite" finished-at="2020-09-01T14:49:56Z" duration-ms="97730">
    <groups>
    </groups>
    <test started-at="2020-09-01T14:48:19Z" name="Surefire test" finished-at="2020-09-01T14:49:56Z" duration-ms="97730">
      <class name="com.hardcore.test.WebDriverGoogleCloudPlatformPageTest">
        <test-method is-config="true" signature="browserSetup()[pri:0, instance:com.hardcore.test.WebDriverGoogleCloudPlatformPageTest@4cf4d528]" started-at="2020-09-01T14:48:19Z" name="browserSetup" finished-at="2020-09-01T14:48:41Z" duration-ms="22750" status="PASS">
          <reporter-output>
          </reporter-output>
        </test-method> <!-- browserSetup -->
        <test-method signature="searchInputNotNullTest()[pri:0, instance:com.hardcore.test.WebDriverGoogleCloudPlatformPageTest@4cf4d528]" started-at="2020-09-01T14:48:41Z" name="searchInputNotNullTest" finished-at="2020-09-01T14:48:42Z" duration-ms="253" status="PASS">
          <reporter-output>
          </reporter-output>
        </test-method> <!-- searchInputNotNullTest -->
        <test-method is-config="true" signature="browserTearDown()[pri:0, instance:com.hardcore.test.WebDriverGoogleCloudPlatformPageTest@4cf4d528]" started-at="2020-09-01T14:48:42Z" name="browserTearDown" finished-at="2020-09-01T14:48:43Z" duration-ms="917" status="PASS">
          <reporter-output>
          </reporter-output>
        </test-method> <!-- browserTearDown -->
      </class> <!-- com.hardcore.test.WebDriverGoogleCloudPlatformPageTest -->
      <class name="com.hardcore.test.WebDriverGoogleCloudPlatformPricingCalculatorPageTest">
        <test-method is-config="true" signature="browserSetup()[pri:0, instance:com.hardcore.test.WebDriverGoogleCloudPlatformPricingCalculatorPageTest@77846d2c]" started-at="2020-09-01T14:48:43Z" name="browserSetup" finished-at="2020-09-01T14:49:03Z" duration-ms="20168" status="PASS">
          <reporter-output>
          </reporter-output>
        </test-method> <!-- browserSetup -->
        <test-method signature="fillingOutPriceFormTest()[pri:0, instance:com.hardcore.test.WebDriverGoogleCloudPlatformPricingCalculatorPageTest@77846d2c]" started-at="2020-09-01T14:49:03Z" name="fillingOutPriceFormTest" finished-at="2020-09-01T14:49:54Z" duration-ms="51469" status="PASS">
          <reporter-output>
          </reporter-output>
        </test-method> <!-- fillingOutPriceFormTest -->
        <test-method is-config="true" signature="browserTearDown()[pri:0, instance:com.hardcore.test.WebDriverGoogleCloudPlatformPricingCalculatorPageTest@77846d2c]" started-at="2020-09-01T14:49:54Z" name="browserTearDown" finished-at="2020-09-01T14:49:56Z" duration-ms="2074" status="PASS">
          <reporter-output>
          </reporter-output>
        </test-method> <!-- browserTearDown -->
      </class> <!-- com.hardcore.test.WebDriverGoogleCloudPlatformPricingCalculatorPageTest -->
    </test> <!-- Surefire test -->
  </suite> <!-- Surefire suite -->
</testng-results>
