<?xml version="1.0" encoding="UTF-8"?>
<testsuite xmlns:xsi="http://www.w3.org/2001/XMLSchema-instance" xsi:noNamespaceSchemaLocation="https://maven.apache.org/surefire/maven-surefire-plugin/xsd/surefire-test-report.xsd" name="TestSuite" time="79.995" tests="2" errors="0" skipped="0" failures="1">
  <properties>
[...]
</properties>
  <testcase name="searchInputNotNullTest" classname="com.hardcore.test.WebDriverGoogleCloudPlatformPageTest" time="0.096"/>
  <testcase name="fillingOutPriceFormTest" classname="com.hardcore.test.WebDriverGoogleCloudPlatformPricingCalculatorPageTest" time="35.844">
    <failure message="Expected condition failed: waiting for visibility of element located by By.xpath: //div[@id=&apos;select_container_96&apos;]//div[contains(text(), &apos;1 Year&apos;)] (tried for 10 second(s) with 500 milliseconds interval)&#10;Build info: version: &apos;3.141.59&apos;, revision: &apos;e82be7d358&apos;, time: &apos;2018-11-14T08:17:03&apos;&#10;System info: host: &apos;DESKTOP-J5DG572&apos;, ip: &apos;192.168.0.102&apos;, os.name: &apos;Windows 10&apos;, os.arch: &apos;amd64&apos;, os.version: &apos;10.0&apos;, java.version: &apos;14.0.2&apos;&#10;Driver info: org.openqa.selenium.chrome.ChromeDriver&#10;Capabilities {acceptInsecureCerts: false, browserName: chrome, browserVersion: 85.0.4183.83, chrome: {chromedriverVersion: 85.0.4183.87 (cd6713ebf92fa..., userDataDir: C:\Users\KIRILL~1\AppData\L...}, goog:chromeOptions: {debuggerAddress: localhost:56568}, javascriptEnabled: true, networkConnectionEnabled: false, pageLoadStrategy: normal, platform: WINDOWS, platformName: WINDOWS, proxy: Proxy(), setWindowRect: true, strictFileInteractability: false, timeouts: {implicit: 0, pageLoad: 300000, script: 30000}, unhandledPromptBehavior: dismiss and notify, webauthn:virtualAuthenticators: true}&#10;Session ID: 89a2f6121a797b6d0ba2d6279888e9cd" type="org.openqa.selenium.TimeoutException">org.openqa.selenium.TimeoutException: 
Expected condition failed: waiting for visibility of element located by By.xpath: //div[@id='select_container_96']//div[contains(text(), '1 Year')] (tried for 10 second(s) with 500 milliseconds interval)
Build info: version: '3.141.59', revision: 'e82be7d358', time: '2018-11-14T08:17:03'
System info: host: 'DESKTOP-J5DG572', ip: '192.168.0.102', os.name: 'Windows 10', os.arch: 'amd64', os.version: '10.0', java.version: '14.0.2'
Driver info: org.openqa.selenium.chrome.ChromeDriver
Capabilities {acceptInsecureCerts: false, browserName: chrome, browserVersion: 85.0.4183.83, chrome: {chromedriverVersion: 85.0.4183.87 (cd6713ebf92fa..., userDataDir: C:\Users\KIRILL~1\AppData\L...}, goog:chromeOptions: {debuggerAddress: localhost:56568}, javascriptEnabled: true, networkConnectionEnabled: false, pageLoadStrategy: normal, platform: WINDOWS, platformName: WINDOWS, proxy: Proxy(), setWindowRect: true, strictFileInteractability: false, timeouts: {implicit: 0, pageLoad: 300000, script: 30000}, unhandledPromptBehavior: dismiss and notify, webauthn:virtualAuthenticators: true}
Session ID: 89a2f6121a797b6d0ba2d6279888e9cd
	at com.hardcore.test.WebDriverGoogleCloudPlatformPricingCalculatorPageTest.fillingOutPriceFormTest(WebDriverGoogleCloudPlatformPricingCalculatorPageTest.java:20)
</failure>
    <system-out><![CDATA[2020-09-05 14:37:54,085 INFO  [main] com.hardcore.page.GoogleCloudPlatformPage.openGoogleCloudPlatformPricingCalculator(GoogleCloudPlatformPage.java:39) Search in GoogleCloudPlatform: [Google Cloud Platform Pricing Calculator]
2020-09-05 14:38:07,754 INFO  [main] com.hardcore.page.GoogleCloudPlatformPricingCalculatorPage.login(GoogleCloudPlatformPricingCalculatorPage.java:89) Open: [https://cloud.google.com/products/calculator]
2020-09-05 14:38:07,755 INFO  [main] com.hardcore.page.GoogleCloudPlatformPricingCalculatorPage.computeEngineButtonClick(GoogleCloudPlatformPricingCalculatorPage.java:130) Platform choice: [Compute Engine]
2020-09-05 14:38:08,034 INFO  [main] com.hardcore.page.GoogleCloudPlatformPricingCalculatorPage.numberOfInstancesInputSendKeys(GoogleCloudPlatformPricingCalculatorPage.java:164) Input number of instance: [1]
2020-09-05 14:38:08,483 INFO  [main] com.hardcore.page.GoogleCloudPlatformPricingCalculatorPage.machineTypeOptionClick(GoogleCloudPlatformPricingCalculatorPage.java:169) Choose machine type: [n1-standard-1 (vCPUs: 1, RAM: 3.75GB)]
2020-09-05 14:38:11,568 INFO  [main] com.hardcore.page.GoogleCloudPlatformPricingCalculatorPage.numbersOfGpusOptionClick(GoogleCloudPlatformPricingCalculatorPage.java:174) Choose number of GPUs: [1]
2020-09-05 14:38:12,978 INFO  [main] com.hardcore.page.GoogleCloudPlatformPricingCalculatorPage.gpuTypeOptionClick(GoogleCloudPlatformPricingCalculatorPage.java:179) Choose GPU type: [NVIDIA Tesla K80]
2020-09-05 14:38:14,895 INFO  [main] com.hardcore.page.GoogleCloudPlatformPricingCalculatorPage.localSddOptionClick(GoogleCloudPlatformPricingCalculatorPage.java:184) Choose local SSD: [1x375 GB]
2020-09-05 14:38:16,755 INFO  [main] com.hardcore.page.GoogleCloudPlatformPricingCalculatorPage.dataCenterLocationOptionClick(GoogleCloudPlatformPricingCalculatorPage.java:189) Choose Data Center Location: [South Carolina (us-east1)]
2020-09-05 14:38:18,629 INFO  [main] com.hardcore.page.GoogleCloudPlatformPricingCalculatorPage.committedUsageOptionClick(GoogleCloudPlatformPricingCalculatorPage.java:194) Choose Committed Usage: [1 Year]
]]></system-out>
    <system-err><![CDATA[Starting ChromeDriver 85.0.4183.87 (cd6713ebf92fa1cacc0f1a598df280093af0c5d7-refs/branch-heads/4183@{#1689}) on port 10179
Only local connections are allowed.
Please see https://chromedriver.chromium.org/security-considerations for suggestions on keeping ChromeDriver safe.
ChromeDriver was started successfully.
сент. 05, 2020 2:37:38 PM org.openqa.selenium.remote.ProtocolHandshake createSession
INFO: Detected dialect: W3C
]]></system-err>
  </testcase>
</testsuite>